<?xml version="1.0" encoding="UTF-8"?>
<!-- Generated by org.testng.reporters.JUnitXMLReporter -->
<testsuite hostname="CybertekSchools-iMac-2.local" ignored="0" name="Default test" tests="4" failures="0" timestamp="04 Dec 2018 19:20:13 GMT" time="0.032" errors="0">
  <testcase name="register" time="0.004" classname="testcases.Task_TESTNG"/>
  <testcase name="search" time="0.001" classname="testcases.Task_TESTNG">
    <skipped/>
  </testcase> <!-- search -->
  <testcase name="buy" time="0.0" classname="testcases.Task_TESTNG">
    <skipped/>
  </testcase> <!-- buy -->
  <testcase name="pay" time="0.0" classname="testcases.Task_TESTNG">
    <skipped/>
  </testcase> <!-- pay -->
</testsuite> <!-- Default test -->
