<?xml version="1.0" encoding="UTF-8"?>
<!-- Generated by org.testng.reporters.JUnitXMLReporter -->
<testsuite hostname="CybertekSchools-iMac-2.local" ignored="1" tests="2" failures="0" timestamp="03 Dec 2018 18:04:43 GMT" time="0.032" errors="0">
  <testcase name="PasswordChange" time="0.016" classname="AppSkipTest">
    <skipped/>
  </testcase> <!-- PasswordChange -->
  <testcase name="LogoutTest" time="0.001" classname="AppSkipTest"/>
  <testcase name="LoginTest" time="0.0" classname="AppSkipTest">
    <ignored/>
  </testcase> <!-- LoginTest -->
</testsuite>
