<?xml version="1.0" encoding="UTF-8"?>
<!-- Generated by org.testng.reporters.JUnitXMLReporter -->
<testsuite hostname="CybertekSchools-iMac-2.local" ignored="1" name="Test" tests="2" failures="0" timestamp="04 Dec 2018 19:39:04 GMT" time="0.021" errors="0">
  <testcase name="PasswordChange" time="0.003" classname="testcases2.AppSkipTest">
    <skipped/>
  </testcase> <!-- PasswordChange -->
  <testcase name="LogoutTest" time="0.002" classname="testcases2.AppSkipTest"/>
  <testcase name="LoginTest" time="0.0" classname="testcases2.AppSkipTest">
    <ignored/>
  </testcase> <!-- LoginTest -->
</testsuite> <!-- Test -->
