<?xml version="1.0" encoding="UTF-8"?>
<testng-results skipped="0" failed="0" ignored="1" total="4" passed="3">
  <reporter-output>
  </reporter-output>
  <suite name="Default suite" duration-ms="40" started-at="2018-12-04T16:08:51Z" finished-at="2018-12-04T16:08:51Z">
    <groups>
    </groups>
    <test name="Default test" duration-ms="40" started-at="2018-12-04T16:08:51Z" finished-at="2018-12-04T16:08:51Z">
      <class name="AppDataProvider">
        <test-method status="PASS" signature="logintest2(java.lang.String, java.lang.String, java.lang.String, java.lang.String)[pri:0, instance:AppDataProvider@56f4468b]" name="logintest2" duration-ms="7" started-at="2018-12-04T16:08:51Z" data-provider="getdata2" finished-at="2018-12-04T16:08:51Z">
          <params>
            <param index="0">
              <value>
                <![CDATA[username-1]]>
              </value>
            </param>
            <param index="1">
              <value>
                <![CDATA[password-1]]>
              </value>
            </param>
            <param index="2">
              <value>
                <![CDATA[phone-1]]>
              </value>
            </param>
            <param index="3">
              <value>
                <![CDATA[browser-1]]>
              </value>
            </param>
          </params>
          <reporter-output>
          </reporter-output>
        </test-method> <!-- logintest2 -->
        <test-method status="PASS" signature="logintest2(java.lang.String, java.lang.String, java.lang.String, java.lang.String)[pri:0, instance:AppDataProvider@56f4468b]" name="logintest2" duration-ms="3" started-at="2018-12-04T16:08:51Z" data-provider="getdata2" finished-at="2018-12-04T16:08:51Z">
          <params>
            <param index="0">
              <value>
                <![CDATA[username-2]]>
              </value>
            </param>
            <param index="1">
              <value>
                <![CDATA[password-2]]>
              </value>
            </param>
            <param index="2">
              <value>
                <![CDATA[phone-2]]>
              </value>
            </param>
            <param index="3">
              <value>
                <![CDATA[browser-2]]>
              </value>
            </param>
          </params>
          <reporter-output>
          </reporter-output>
        </test-method> <!-- logintest2 -->
        <test-method status="PASS" signature="logintest2(java.lang.String, java.lang.String, java.lang.String, java.lang.String)[pri:0, instance:AppDataProvider@56f4468b]" name="logintest2" duration-ms="1" started-at="2018-12-04T16:08:51Z" data-provider="getdata2" finished-at="2018-12-04T16:08:51Z">
          <params>
            <param index="0">
              <value>
                <![CDATA[username-3]]>
              </value>
            </param>
            <param index="1">
              <value>
                <![CDATA[password-3]]>
              </value>
            </param>
            <param index="2">
              <value>
                <![CDATA[phone-3]]>
              </value>
            </param>
            <param index="3">
              <value>
                <![CDATA[browser-3]]>
              </value>
            </param>
          </params>
          <reporter-output>
          </reporter-output>
        </test-method> <!-- logintest2 -->
      </class> <!-- AppDataProvider -->
    </test> <!-- Default test -->
  </suite> <!-- Default suite -->
</testng-results>
