<?xml version="1.0" encoding="UTF-8"?>
<testng-results skipped="1" failed="0" ignored="1" total="3" passed="1">
  <reporter-output>
  </reporter-output>
  <suite name="Suite" duration-ms="21" started-at="2018-12-04T19:39:04Z" finished-at="2018-12-04T19:39:04Z">
    <groups>
    </groups>
    <test name="Test" duration-ms="21" started-at="2018-12-04T19:39:04Z" finished-at="2018-12-04T19:39:04Z">
      <class name="testcases2.AppSkipTest">
        <test-method status="PASS" signature="beforeSuit()[pri:0, instance:testcases2.AppSkipTest@457e2f02]" name="beforeSuit" is-config="true" duration-ms="8" started-at="2018-12-04T19:39:04Z" finished-at="2018-12-04T19:39:04Z">
          <reporter-output>
          </reporter-output>
        </test-method> <!-- beforeSuit -->
        <test-method status="SKIP" signature="PasswordChange()[pri:2, instance:testcases2.AppSkipTest@457e2f02]" name="PasswordChange" duration-ms="3" started-at="2018-12-04T19:39:04Z" finished-at="2018-12-04T19:39:04Z">
          <exception class="org.testng.SkipException">
            <message>
              <![CDATA[reason]]>
            </message>
            <full-stacktrace>
              <![CDATA[org.testng.SkipException: reason
at testcases2.AppSkipTest.PasswordChange(AppSkipTest.java:28)
at sun.reflect.NativeMethodAccessorImpl.invoke0(Native Method)
at sun.reflect.NativeMethodAccessorImpl.invoke(NativeMethodAccessorImpl.java:62)
at sun.reflect.DelegatingMethodAccessorImpl.invoke(DelegatingMethodAccessorImpl.java:43)
at java.lang.reflect.Method.invoke(Method.java:498)
at org.testng.internal.MethodInvocationHelper.invokeMethod(MethodInvocationHelper.java:124)
at org.testng.internal.Invoker.invokeMethod(Invoker.java:580)
at org.testng.internal.Invoker.invokeTestMethod(Invoker.java:716)
at org.testng.internal.Invoker.invokeTestMethods(Invoker.java:988)
at org.testng.internal.TestMethodWorker.invokeTestMethods(TestMethodWorker.java:125)
at org.testng.internal.TestMethodWorker.run(TestMethodWorker.java:109)
at org.testng.TestRunner.privateRun(TestRunner.java:648)
at org.testng.TestRunner.run(TestRunner.java:505)
at org.testng.SuiteRunner.runTest(SuiteRunner.java:455)
at org.testng.SuiteRunner.runSequentially(SuiteRunner.java:450)
at org.testng.SuiteRunner.privateRun(SuiteRunner.java:415)
at org.testng.SuiteRunner.run(SuiteRunner.java:364)
at org.testng.SuiteRunnerWorker.runSuite(SuiteRunnerWorker.java:52)
at org.testng.SuiteRunnerWorker.run(SuiteRunnerWorker.java:84)
at org.testng.TestNG.runSuitesSequentially(TestNG.java:1208)
at org.testng.TestNG.runSuitesLocally(TestNG.java:1137)
at org.testng.TestNG.runSuites(TestNG.java:1049)
at org.testng.TestNG.run(TestNG.java:1017)
at org.testng.remote.AbstractRemoteTestNG.run(AbstractRemoteTestNG.java:114)
at org.testng.remote.RemoteTestNG.initAndRun(RemoteTestNG.java:251)
at org.testng.remote.RemoteTestNG.main(RemoteTestNG.java:77)
]]>
            </full-stacktrace>
          </exception> <!-- org.testng.SkipException -->
          <reporter-output>
          </reporter-output>
        </test-method> <!-- PasswordChange -->
        <test-method status="PASS" signature="LogoutTest()[pri:3, instance:testcases2.AppSkipTest@457e2f02]" name="LogoutTest" duration-ms="2" started-at="2018-12-04T19:39:04Z" finished-at="2018-12-04T19:39:04Z">
          <reporter-output>
          </reporter-output>
        </test-method> <!-- LogoutTest -->
        <test-method status="PASS" signature="afterSuit()[pri:0, instance:testcases2.AppSkipTest@457e2f02]" name="afterSuit" is-config="true" duration-ms="1" started-at="2018-12-04T19:39:04Z" finished-at="2018-12-04T19:39:04Z">
          <reporter-output>
          </reporter-output>
        </test-method> <!-- afterSuit -->
      </class> <!-- testcases2.AppSkipTest -->
    </test> <!-- Test -->
  </suite> <!-- Suite -->
</testng-results>
